{"$message_type":"diagnostic","message":"linking with `rust-lld` failed: exit status: 1","code":null,"level":"error","spans":[],"children":[{"message":"LC_ALL=\"C\" PATH=\"/home/codespace/.rustup/toolchains/stable-x86_64-unknown-linux-gnu/lib/rustlib/x86_64-unknown-linux-gnu/bin:/home/codespace/.cargo/bin:/usr/local/rvm/gems/ruby-3.3.4/bin:/usr/local/rvm/gems/ruby-3.3.4@global/bin:/usr/local/rvm/rubies/ruby-3.3.4/bin:/vscode/bin/linux-x64/91fbdddc47bc9c09064bf7acf133d22631cbf083/bin/remote-cli:/home/codespace/.local/bin:/home/codespace/.dotnet:/home/codespace/nvm/current/bin:/home/codespace/.php/current/bin:/home/codespace/.python/current/bin:/home/codespace/java/current/bin:/home/codespace/.ruby/current/bin:/home/codespace/.local/bin:/usr/local/python/current/bin:/usr/local/py-utils/bin:/usr/local/oryx:/usr/local/go/bin:/go/bin:/usr/local/sdkman/bin:/usr/local/sdkman/candidates/java/current/bin:/usr/local/sdkman/candidates/gradle/current/bin:/usr/local/sdkman/candidates/maven/current/bin:/usr/local/sdkman/candidates/ant/current/bin:/usr/local/rvm/gems/default/bin:/usr/local/rvm/gems/default@global/bin:/usr/local/rvm/rubies/default/bin:/usr/local/share/rbenv/bin:/usr/local/php/current/bin:/opt/conda/bin:/usr/local/nvs:/usr/local/share/nvm/versions/node/v20.18.1/bin:/usr/local/hugo/bin:/usr/local/sbin:/usr/local/bin:/usr/sbin:/usr/bin:/sbin:/bin:/usr/share/dotnet:/home/codespace/.dotnet/tools:/usr/local/rvm/bin:/home/codespace/.vscode-remote/data/User/globalStorage/github.copilot-chat/debugCommand\" VSLANG=\"1033\" \"rust-lld\" \"-flavor\" \"gnu\" \"/tmp/rustckv4j6C/symbols.o\" \"/workspaces/R-os/02_runtime_init/target/aarch64-unknown-none-softfloat/release/deps/kernel-3df560ebf67618c0.kernel.3cfd302f85dc68cb-cgu.0.rcgu.o\" \"--as-needed\" \"-Bstatic\" \"/home/codespace/.rustup/toolchains/stable-x86_64-unknown-linux-gnu/lib/rustlib/aarch64-unknown-none-softfloat/lib/libcompiler_builtins-bd390f547a316eba.rlib\" \"-Bdynamic\" \"--eh-frame-hdr\" \"-z\" \"noexecstack\" \"-o\" \"/workspaces/R-os/02_runtime_init/target/aarch64-unknown-none-softfloat/release/deps/kernel-3df560ebf67618c0\" \"--gc-sections\" \"-O1\" \"--strip-debug\" \"--library-path=/workspaces/R-os/02_runtime_init/src/bsp/raspberrypi\" \"--script=kernel.ld\"","code":null,"level":"note","spans":[],"children":[],"rendered":null},{"message":"rust-lld: error: undefined symbol: _bss_start\n>>> referenced by kernel.3cfd302f85dc68cb-cgu.0\n>>>               /workspaces/R-os/02_runtime_init/target/aarch64-unknown-none-softfloat/release/deps/kernel-3df560ebf67618c0.kernel.3cfd302f85dc68cb-cgu.0.rcgu.o:(_start)\n>>> referenced by kernel.3cfd302f85dc68cb-cgu.0\n>>>               /workspaces/R-os/02_runtime_init/target/aarch64-unknown-none-softfloat/release/deps/kernel-3df560ebf67618c0.kernel.3cfd302f85dc68cb-cgu.0.rcgu.o:(_start)\n>>> did you mean: __bss_start\n>>> defined in: /workspaces/R-os/02_runtime_init/src/bsp/raspberrypi/kernel.ld:67\n\nrust-lld: error: undefined symbol: _bss_end_exclusive\n>>> referenced by kernel.3cfd302f85dc68cb-cgu.0\n>>>               /workspaces/R-os/02_runtime_init/target/aarch64-unknown-none-softfloat/release/deps/kernel-3df560ebf67618c0.kernel.3cfd302f85dc68cb-cgu.0.rcgu.o:(_start)\n>>> referenced by kernel.3cfd302f85dc68cb-cgu.0\n>>>               /workspaces/R-os/02_runtime_init/target/aarch64-unknown-none-softfloat/release/deps/kernel-3df560ebf67618c0.kernel.3cfd302f85dc68cb-cgu.0.rcgu.o:(_start)\n","code":null,"level":"note","spans":[],"children":[],"rendered":null}],"rendered":"\u001b[0m\u001b[1m\u001b[38;5;9merror\u001b[0m\u001b[0m\u001b[1m: linking with `rust-lld` failed: exit status: 1\u001b[0m\n\u001b[0m  \u001b[0m\u001b[0m\u001b[1m\u001b[38;5;12m|\u001b[0m\n\u001b[0m  \u001b[0m\u001b[0m\u001b[1m\u001b[38;5;12m= \u001b[0m\u001b[0m\u001b[1mnote\u001b[0m\u001b[0m: LC_ALL=\"C\" PATH=\"/home/codespace/.rustup/toolchains/stable-x86_64-unknown-linux-gnu/lib/rustlib/x86_64-unknown-linux-gnu/bin:/home/codespace/.cargo/bin:/usr/local/rvm/gems/ruby-3.3.4/bin:/usr/local/rvm/gems/ruby-3.3.4@global/bin:/usr/local/rvm/rubies/ruby-3.3.4/bin:/vscode/bin/linux-x64/91fbdddc47bc9c09064bf7acf133d22631cbf083/bin/remote-cli:/home/codespace/.local/bin:/home/codespace/.dotnet:/home/codespace/nvm/current/bin:/home/codespace/.php/current/bin:/home/codespace/.python/current/bin:/home/codespace/java/current/bin:/home/codespace/.ruby/current/bin:/home/codespace/.local/bin:/usr/local/python/current/bin:/usr/local/py-utils/bin:/usr/local/oryx:/usr/local/go/bin:/go/bin:/usr/local/sdkman/bin:/usr/local/sdkman/candidates/java/current/bin:/usr/local/sdkman/candidates/gradle/current/bin:/usr/local/sdkman/candidates/maven/current/bin:/usr/local/sdkman/candidates/ant/current/bin:/usr/local/rvm/gems/default/bin:/usr/local/rvm/gems/default@global/bin:/usr/local/rvm/rubies/default/bin:/usr/local/share/rbenv/bin:/usr/local/php/current/bin:/opt/conda/bin:/usr/local/nvs:/usr/local/share/nvm/versions/node/v20.18.1/bin:/usr/local/hugo/bin:/usr/local/sbin:/usr/local/bin:/usr/sbin:/usr/bin:/sbin:/bin:/usr/share/dotnet:/home/codespace/.dotnet/tools:/usr/local/rvm/bin:/home/codespace/.vscode-remote/data/User/globalStorage/github.copilot-chat/debugCommand\" VSLANG=\"1033\" \"rust-lld\" \"-flavor\" \"gnu\" \"/tmp/rustckv4j6C/symbols.o\" \"/workspaces/R-os/02_runtime_init/target/aarch64-unknown-none-softfloat/release/deps/kernel-3df560ebf67618c0.kernel.3cfd302f85dc68cb-cgu.0.rcgu.o\" \"--as-needed\" \"-Bstatic\" \"/home/codespace/.rustup/toolchains/stable-x86_64-unknown-linux-gnu/lib/rustlib/aarch64-unknown-none-softfloat/lib/libcompiler_builtins-bd390f547a316eba.rlib\" \"-Bdynamic\" \"--eh-frame-hdr\" \"-z\" \"noexecstack\" \"-o\" \"/workspaces/R-os/02_runtime_init/target/aarch64-unknown-none-softfloat/release/deps/kernel-3df560ebf67618c0\" \"--gc-sections\" \"-O1\" \"--strip-debug\" \"--library-path=/workspaces/R-os/02_runtime_init/src/bsp/raspberrypi\" \"--script=kernel.ld\"\u001b[0m\n\u001b[0m  \u001b[0m\u001b[0m\u001b[1m\u001b[38;5;12m= \u001b[0m\u001b[0m\u001b[1mnote\u001b[0m\u001b[0m: rust-lld: error: undefined symbol: _bss_start\u001b[0m\n\u001b[0m          >>> referenced by kernel.3cfd302f85dc68cb-cgu.0\u001b[0m\n\u001b[0m          >>>               /workspaces/R-os/02_runtime_init/target/aarch64-unknown-none-softfloat/release/deps/kernel-3df560ebf67618c0.kernel.3cfd302f85dc68cb-cgu.0.rcgu.o:(_start)\u001b[0m\n\u001b[0m          >>> referenced by kernel.3cfd302f85dc68cb-cgu.0\u001b[0m\n\u001b[0m          >>>               /workspaces/R-os/02_runtime_init/target/aarch64-unknown-none-softfloat/release/deps/kernel-3df560ebf67618c0.kernel.3cfd302f85dc68cb-cgu.0.rcgu.o:(_start)\u001b[0m\n\u001b[0m          >>> did you mean: __bss_start\u001b[0m\n\u001b[0m          >>> defined in: /workspaces/R-os/02_runtime_init/src/bsp/raspberrypi/kernel.ld:67\u001b[0m\n\u001b[0m          \u001b[0m\n\u001b[0m          rust-lld: error: undefined symbol: _bss_end_exclusive\u001b[0m\n\u001b[0m          >>> referenced by kernel.3cfd302f85dc68cb-cgu.0\u001b[0m\n\u001b[0m          >>>               /workspaces/R-os/02_runtime_init/target/aarch64-unknown-none-softfloat/release/deps/kernel-3df560ebf67618c0.kernel.3cfd302f85dc68cb-cgu.0.rcgu.o:(_start)\u001b[0m\n\u001b[0m          >>> referenced by kernel.3cfd302f85dc68cb-cgu.0\u001b[0m\n\u001b[0m          >>>               /workspaces/R-os/02_runtime_init/target/aarch64-unknown-none-softfloat/release/deps/kernel-3df560ebf67618c0.kernel.3cfd302f85dc68cb-cgu.0.rcgu.o:(_start)\u001b[0m\n\u001b[0m          \u001b[0m\n\n"}
{"$message_type":"diagnostic","message":"aborting due to 1 previous error","code":null,"level":"error","spans":[],"children":[],"rendered":"\u001b[0m\u001b[1m\u001b[38;5;9merror\u001b[0m\u001b[0m\u001b[1m: aborting due to 1 previous error\u001b[0m\n\n"}
